WARNING: A restricted method in java.lang.System has been called
WARNING: java.lang.System::load has been called by org.fusesource.jansi.internal.JansiLoader in an unnamed module (file:/opt/homebrew/Cellar/maven/3.9.9/libexec/lib/jansi-2.4.1.jar)
WARNING: Use --enable-native-access=ALL-UNNAMED to avoid a warning for callers in this module
WARNING: Restricted methods will be blocked in a future release unless native access is enabled

WARNING: A terminally deprecated method in sun.misc.Unsafe has been called
WARNING: sun.misc.Unsafe::objectFieldOffset has been called by com.google.common.util.concurrent.AbstractFuture$UnsafeAtomicHelper (file:/opt/homebrew/Cellar/maven/3.9.9/libexec/lib/guava-33.2.1-jre.jar)
WARNING: Please consider reporting this to the maintainers of class com.google.common.util.concurrent.AbstractFuture$UnsafeAtomicHelper
WARNING: sun.misc.Unsafe::objectFieldOffset will be removed in a future release
[INFO] Scanning for projects...
[INFO] 
[INFO] -----------------< com.packt.bookstore:gateway-server >-----------------
[INFO] Building Gateway Server 0.0.1-SNAPSHOT
[INFO]   from pom.xml
[INFO] --------------------------------[ jar ]---------------------------------
[INFO] 
[INFO] >>> spring-boot:3.5.6:run (default-cli) > test-compile @ gateway-server >>>
[INFO] 
[INFO] --- resources:3.3.1:resources (default-resources) @ gateway-server ---
[INFO] Copying 1 resource from src/main/resources to target/classes
[INFO] Copying 0 resource from src/main/resources to target/classes
[INFO] 
[INFO] --- compiler:3.14.0:compile (default-compile) @ gateway-server ---
[INFO] Nothing to compile - all classes are up to date.
[INFO] 
[INFO] --- resources:3.3.1:testResources (default-testResources) @ gateway-server ---
[INFO] skip non existing resourceDirectory /Users/ahmadgohar/GitHub/Packt/Spring-Boot-and-Angular-2E_Backend/chapter-06/gateway-server/src/test/resources
[INFO] 
[INFO] --- compiler:3.14.0:testCompile (default-testCompile) @ gateway-server ---
[INFO] Nothing to compile - all classes are up to date.
[INFO] 
[INFO] <<< spring-boot:3.5.6:run (default-cli) < test-compile @ gateway-server <<<
[INFO] 
[INFO] 
[INFO] --- spring-boot:3.5.6:run (default-cli) @ gateway-server ---
[INFO] Attaching agents: []

  .   ____          _            __ _ _
 /\\ / ___'_ __ _ _(_)_ __  __ _ \ \ \ \
( ( )\___ | '_ | '_| | '_ \/ _` | \ \ \ \
 \\/  ___)| |_)| | | | | || (_| |  ) ) ) )
  '  |____| .__|_| |_|_| |_\__, | / / / /
 =========|_|==============|___/=/_/_/_/

 :: Spring Boot ::                (v3.5.6)

2025-09-27T14:40:20.749-07:00  INFO 4143 --- [gateway-server] [  restartedMain] c.p.b.g.GatewayServerApplication         : Starting GatewayServerApplication using Java 24 with PID 4143 (/Users/ahmadgohar/GitHub/Packt/Spring-Boot-and-Angular-2E_Backend/chapter-06/gateway-server/target/classes started by ahmadgohar in /Users/ahmadgohar/GitHub/Packt/Spring-Boot-and-Angular-2E_Backend/chapter-06/gateway-server)
2025-09-27T14:40:20.750-07:00  INFO 4143 --- [gateway-server] [  restartedMain] c.p.b.g.GatewayServerApplication         : No active profile set, falling back to 1 default profile: "default"
2025-09-27T14:40:20.818-07:00  INFO 4143 --- [gateway-server] [  restartedMain] .e.DevToolsPropertyDefaultsPostProcessor : Devtools property defaults active! Set 'spring.devtools.add-properties' to 'false' to disable
2025-09-27T14:40:20.818-07:00  INFO 4143 --- [gateway-server] [  restartedMain] .e.DevToolsPropertyDefaultsPostProcessor : For additional web related logging consider setting the 'logging.level.web' property to 'DEBUG'
2025-09-27T14:40:21.131-07:00  INFO 4143 --- [gateway-server] [  restartedMain] o.s.cloud.context.scope.GenericScope     : BeanFactory id=e5ee8583-79a8-33ed-96b2-c856dea88ef0
WARNING: A terminally deprecated method in sun.misc.Unsafe has been called
WARNING: sun.misc.Unsafe::allocateMemory has been called by io.netty.util.internal.PlatformDependent0$2 (file:/Users/ahmadgohar/.m2/repository/io/netty/netty-common/4.1.127.Final/netty-common-4.1.127.Final.jar)
WARNING: Please consider reporting this to the maintainers of class io.netty.util.internal.PlatformDependent0$2
WARNING: sun.misc.Unsafe::allocateMemory will be removed in a future release
2025-09-27T14:40:21.325-07:00  WARN 4143 --- [gateway-server] [  restartedMain] GatewayClassPathWarningAutoConfiguration : 

**********************************************************

The artifact spring-cloud-gateway-server is deprecated. It will be removed in the next major release. Please add spring-cloud-gateway-server-webflux dependency.

**********************************************************


2025-09-27T14:40:21.436-07:00  INFO 4143 --- [gateway-server] [  restartedMain] o.s.c.g.r.RouteDefinitionRouteLocator    : Loaded RoutePredicateFactory [After]
2025-09-27T14:40:21.436-07:00  INFO 4143 --- [gateway-server] [  restartedMain] o.s.c.g.r.RouteDefinitionRouteLocator    : Loaded RoutePredicateFactory [Before]
2025-09-27T14:40:21.436-07:00  INFO 4143 --- [gateway-server] [  restartedMain] o.s.c.g.r.RouteDefinitionRouteLocator    : Loaded RoutePredicateFactory [Between]
2025-09-27T14:40:21.436-07:00  INFO 4143 --- [gateway-server] [  restartedMain] o.s.c.g.r.RouteDefinitionRouteLocator    : Loaded RoutePredicateFactory [Cookie]
2025-09-27T14:40:21.436-07:00  INFO 4143 --- [gateway-server] [  restartedMain] o.s.c.g.r.RouteDefinitionRouteLocator    : Loaded RoutePredicateFactory [Header]
2025-09-27T14:40:21.436-07:00  INFO 4143 --- [gateway-server] [  restartedMain] o.s.c.g.r.RouteDefinitionRouteLocator    : Loaded RoutePredicateFactory [Host]
2025-09-27T14:40:21.436-07:00  INFO 4143 --- [gateway-server] [  restartedMain] o.s.c.g.r.RouteDefinitionRouteLocator    : Loaded RoutePredicateFactory [Method]
2025-09-27T14:40:21.436-07:00  INFO 4143 --- [gateway-server] [  restartedMain] o.s.c.g.r.RouteDefinitionRouteLocator    : Loaded RoutePredicateFactory [Path]
2025-09-27T14:40:21.436-07:00  INFO 4143 --- [gateway-server] [  restartedMain] o.s.c.g.r.RouteDefinitionRouteLocator    : Loaded RoutePredicateFactory [Query]
2025-09-27T14:40:21.436-07:00  INFO 4143 --- [gateway-server] [  restartedMain] o.s.c.g.r.RouteDefinitionRouteLocator    : Loaded RoutePredicateFactory [ReadBody]
2025-09-27T14:40:21.436-07:00  INFO 4143 --- [gateway-server] [  restartedMain] o.s.c.g.r.RouteDefinitionRouteLocator    : Loaded RoutePredicateFactory [RemoteAddr]
2025-09-27T14:40:21.436-07:00  INFO 4143 --- [gateway-server] [  restartedMain] o.s.c.g.r.RouteDefinitionRouteLocator    : Loaded RoutePredicateFactory [XForwardedRemoteAddr]
2025-09-27T14:40:21.436-07:00  INFO 4143 --- [gateway-server] [  restartedMain] o.s.c.g.r.RouteDefinitionRouteLocator    : Loaded RoutePredicateFactory [Weight]
2025-09-27T14:40:21.436-07:00  INFO 4143 --- [gateway-server] [  restartedMain] o.s.c.g.r.RouteDefinitionRouteLocator    : Loaded RoutePredicateFactory [CloudFoundryRouteService]
2025-09-27T14:40:21.527-07:00  INFO 4143 --- [gateway-server] [  restartedMain] o.s.b.a.e.web.EndpointLinksResolver      : Exposing 1 endpoint beneath base path '/actuator'
2025-09-27T14:40:21.594-07:00  WARN 4143 --- [gateway-server] [  restartedMain] o.s.b.d.a.OptionalLiveReloadServer       : Unable to start LiveReload server
2025-09-27T14:40:21.598-07:00  INFO 4143 --- [gateway-server] [  restartedMain] DiscoveryClientOptionalArgsConfiguration : Eureka HTTP Client uses RestTemplate.
2025-09-27T14:40:21.604-07:00  WARN 4143 --- [gateway-server] [  restartedMain] s.w.s.StarterDeprecatedAutoConfiguration : 

**********************************************************

spring-cloud-starter-gateway is deprecated. It will be removed in the next major release. Please use spring-cloud-starter-gateway-server-webflux instead.

**********************************************************


2025-09-27T14:40:21.606-07:00  WARN 4143 --- [gateway-server] [  restartedMain] iguration$LoadBalancerCaffeineWarnLogger : Spring Cloud LoadBalancer is currently working with the default cache. While this cache implementation is useful for development and tests, it's recommended to use Caffeine cache in production.You can switch to using Caffeine cache, by adding it and org.springframework.cache.caffeine.CaffeineCacheManager to the classpath.
2025-09-27T14:40:21.623-07:00  INFO 4143 --- [gateway-server] [  restartedMain] o.s.c.n.eureka.InstanceInfoFactory       : Setting initial instance status as: STARTING
2025-09-27T14:40:21.630-07:00  INFO 4143 --- [gateway-server] [  restartedMain] com.netflix.discovery.DiscoveryClient    : Initializing Eureka in region us-east-1
2025-09-27T14:40:21.631-07:00  INFO 4143 --- [gateway-server] [  restartedMain] c.n.d.s.r.aws.ConfigClusterResolver      : Resolving eureka endpoints via configuration
2025-09-27T14:40:21.633-07:00  INFO 4143 --- [gateway-server] [  restartedMain] com.netflix.discovery.DiscoveryClient    : Disable delta property : false
2025-09-27T14:40:21.633-07:00  INFO 4143 --- [gateway-server] [  restartedMain] com.netflix.discovery.DiscoveryClient    : Single vip registry refresh property : null
2025-09-27T14:40:21.633-07:00  INFO 4143 --- [gateway-server] [  restartedMain] com.netflix.discovery.DiscoveryClient    : Force full registry fetch : false
2025-09-27T14:40:21.633-07:00  INFO 4143 --- [gateway-server] [  restartedMain] com.netflix.discovery.DiscoveryClient    : Application is null : false
2025-09-27T14:40:21.633-07:00  INFO 4143 --- [gateway-server] [  restartedMain] com.netflix.discovery.DiscoveryClient    : Registered Applications size is zero : true
2025-09-27T14:40:21.633-07:00  INFO 4143 --- [gateway-server] [  restartedMain] com.netflix.discovery.DiscoveryClient    : Application version is -1: true
2025-09-27T14:40:21.634-07:00  INFO 4143 --- [gateway-server] [  restartedMain] com.netflix.discovery.DiscoveryClient    : Getting all instance registry info from the eureka server
2025-09-27T14:40:21.748-07:00  INFO 4143 --- [gateway-server] [  restartedMain] com.netflix.discovery.DiscoveryClient    : The response status is 200
2025-09-27T14:40:21.749-07:00  INFO 4143 --- [gateway-server] [  restartedMain] com.netflix.discovery.DiscoveryClient    : Starting heartbeat executor: renew interval is: 30
2025-09-27T14:40:21.749-07:00  INFO 4143 --- [gateway-server] [  restartedMain] c.n.discovery.InstanceInfoReplicator     : InstanceInfoReplicator onDemand update allowed rate per min is 4
2025-09-27T14:40:21.749-07:00  INFO 4143 --- [gateway-server] [  restartedMain] com.netflix.discovery.DiscoveryClient    : Discovery Client initialized at timestamp 1759009221749 with initial instances count: 3
2025-09-27T14:40:21.750-07:00  INFO 4143 --- [gateway-server] [  restartedMain] o.s.c.n.e.s.EurekaServiceRegistry        : Registering application GATEWAY-SERVER with eureka with status UP
2025-09-27T14:40:21.751-07:00  INFO 4143 --- [gateway-server] [  restartedMain] com.netflix.discovery.DiscoveryClient    : Saw local status change event StatusChangeEvent [timestamp=1759009221751, current=UP, previous=STARTING]
2025-09-27T14:40:21.751-07:00  INFO 4143 --- [gateway-server] [foReplicator-%d] com.netflix.discovery.DiscoveryClient    : DiscoveryClient_GATEWAY-SERVER/mac-7186.lan:gateway-server:8080: registering service...
2025-09-27T14:40:21.764-07:00  INFO 4143 --- [gateway-server] [foReplicator-%d] com.netflix.discovery.DiscoveryClient    : DiscoveryClient_GATEWAY-SERVER/mac-7186.lan:gateway-server:8080 - registration status: 204
2025-09-27T14:40:21.813-07:00  INFO 4143 --- [gateway-server] [  restartedMain] o.s.b.web.embedded.netty.NettyWebServer  : Netty started on port 8080 (http)
2025-09-27T14:40:21.814-07:00  INFO 4143 --- [gateway-server] [  restartedMain] .s.c.n.e.s.EurekaAutoServiceRegistration : Updating port to 8080
2025-09-27T14:40:21.831-07:00  INFO 4143 --- [gateway-server] [  restartedMain] c.p.b.g.GatewayServerApplication         : Started GatewayServerApplication in 1.235 seconds (process running for 1.45)
2025-09-27T14:42:11.262-07:00  INFO 4143 --- [gateway-server] [ionShutdownHook] o.s.c.n.e.s.EurekaServiceRegistry        : Unregistering application GATEWAY-SERVER with eureka with status DOWN
2025-09-27T14:42:11.262-07:00  INFO 4143 --- [gateway-server] [ionShutdownHook] com.netflix.discovery.DiscoveryClient    : Saw local status change event StatusChangeEvent [timestamp=1759009331262, current=DOWN, previous=UP]
2025-09-27T14:42:11.263-07:00  INFO 4143 --- [gateway-server] [foReplicator-%d] com.netflix.discovery.DiscoveryClient    : DiscoveryClient_GATEWAY-SERVER/mac-7186.lan:gateway-server:8080: registering service...
2025-09-27T14:42:11.264-07:00  INFO 4143 --- [gateway-server] [ionShutdownHook] o.s.b.w.embedded.netty.GracefulShutdown  : Commencing graceful shutdown. Waiting for active requests to complete
2025-09-27T14:42:11.265-07:00  INFO 4143 --- [gateway-server] [ netty-shutdown] o.s.b.w.embedded.netty.GracefulShutdown  : Graceful shutdown complete
2025-09-27T14:42:11.267-07:00  INFO 4143 --- [gateway-server] [foReplicator-%d] com.netflix.discovery.DiscoveryClient    : DiscoveryClient_GATEWAY-SERVER/mac-7186.lan:gateway-server:8080 - registration status: 204
2025-09-27T14:42:11.271-07:00  INFO 4143 --- [gateway-server] [ionShutdownHook] com.netflix.discovery.DiscoveryClient    : Shutting down DiscoveryClient ...
2025-09-27T14:42:14.277-07:00  INFO 4143 --- [gateway-server] [ionShutdownHook] com.netflix.discovery.DiscoveryClient    : Unregistering ...
2025-09-27T14:42:14.285-07:00  INFO 4143 --- [gateway-server] [ionShutdownHook] com.netflix.discovery.DiscoveryClient    : DiscoveryClient_GATEWAY-SERVER/mac-7186.lan:gateway-server:8080 - deregister  status: 200
2025-09-27T14:42:14.285-07:00  INFO 4143 --- [gateway-server] [ionShutdownHook] com.netflix.discovery.DiscoveryClient    : Completed shut down of DiscoveryClient
[INFO] ------------------------------------------------------------------------
[INFO] BUILD FAILURE
[INFO] ------------------------------------------------------------------------
[INFO] Total time:  01:54 min
[INFO] Finished at: 2025-09-27T14:42:14-07:00
[INFO] ------------------------------------------------------------------------
[ERROR] Failed to execute goal org.springframework.boot:spring-boot-maven-plugin:3.5.6:run (default-cli) on project gateway-server: Process terminated with exit code: 143 -> [Help 1]
[ERROR] 
[ERROR] To see the full stack trace of the errors, re-run Maven with the -e switch.
[ERROR] Re-run Maven using the -X switch to enable full debug logging.
[ERROR] 
[ERROR] For more information about the errors and possible solutions, please read the following articles:
[ERROR] [Help 1] http://cwiki.apache.org/confluence/display/MAVEN/MojoExecutionException
